<?xml version="1.0" encoding="UTF-8"?>
<testng-results ignored="0" total="1" passed="1" failed="0" skipped="0">
  <reporter-output>
  </reporter-output>
  <suite started-at="2021-04-13T08:57:11Z" name="Default suite" finished-at="2021-04-13T08:57:26Z" duration-ms="14971">
    <groups>
    </groups>
    <test started-at="2021-04-13T08:57:11Z" name="Default test" finished-at="2021-04-13T08:57:26Z" duration-ms="14971">
      <class name="io.vinam.AutomationCreation">
        <test-method is-config="true" signature="setUp()[pri:0, instance:io.vinam.AutomationCreation@1198b989]" started-at="2021-04-13T08:57:04Z" name="setUp" finished-at="2021-04-13T08:57:11Z" duration-ms="6174" status="PASS">
          <reporter-output>
          </reporter-output>
        </test-method> <!-- setUp -->
        <test-method signature="Automation()[pri:0, instance:io.vinam.AutomationCreation@1198b989]" started-at="2021-04-13T08:57:11Z" name="Automation" finished-at="2021-04-13T08:57:26Z" duration-ms="14958" status="PASS">
          <reporter-output>
          </reporter-output>
        </test-method> <!-- Automation -->
      </class> <!-- io.vinam.AutomationCreation -->
    </test> <!-- Default test -->
  </suite> <!-- Default suite -->
</testng-results>
