<?xml version="1.0" encoding="UTF-8"?>
<testng-results ignored="0" total="1" passed="1" failed="0" skipped="0">
  <reporter-output>
  </reporter-output>
  <suite started-at="2021-04-14T06:57:38Z" name="Default suite" finished-at="2021-04-14T06:58:07Z" duration-ms="28712">
    <groups>
    </groups>
    <test started-at="2021-04-14T06:57:38Z" name="Default test" finished-at="2021-04-14T06:58:07Z" duration-ms="28712">
      <class name="io.vinam.AutomationCreation">
        <test-method is-config="true" signature="setUp()[pri:0, instance:io.vinam.AutomationCreation@78b729e6]" started-at="2021-04-14T06:57:38Z" name="setUp" finished-at="2021-04-14T06:57:49Z" duration-ms="10357" status="PASS">
          <reporter-output>
          </reporter-output>
        </test-method> <!-- setUp -->
        <test-method signature="Automation(java.lang.String)[pri:0, instance:io.vinam.AutomationCreation@78b729e6]" started-at="2021-04-14T06:57:49Z" name="Automation" data-provider="data" finished-at="2021-04-14T06:58:06Z" duration-ms="17616" status="PASS">
          <params>
            <param index="0">
              <value>
                <![CDATA[nathe]]>
              </value>
            </param>
          </params>
          <reporter-output>
          </reporter-output>
        </test-method> <!-- Automation -->
        <test-method is-config="true" signature="tearDown()[pri:0, instance:io.vinam.AutomationCreation@78b729e6]" started-at="2021-04-14T06:58:06Z" name="tearDown" finished-at="2021-04-14T06:58:07Z" duration-ms="714" status="PASS">
          <reporter-output>
          </reporter-output>
        </test-method> <!-- tearDown -->
      </class> <!-- io.vinam.AutomationCreation -->
    </test> <!-- Default test -->
  </suite> <!-- Default suite -->
</testng-results>
